2019-09-20 17:29:36 - root[37] - INFO - user_auth:  login功能函数在进行登录验证时，调用了get_md5函数，生成密码的MD5值
2019-09-20 17:29:36 - root[46] - INFO - user_auth:  用户：zz.登录验证成功,返回True
2019-09-20 17:29:42 - root[37] - INFO - user_auth:  login功能函数在进行登录验证时，调用了get_md5函数，生成密码的MD5值
2019-09-20 17:29:42 - root[46] - INFO - user_auth:  用户：路飞.登录验证成功,返回True
2019-09-20 17:32:02 - root[37] - INFO - user_auth:  login功能函数在进行登录验证时，调用了get_md5函数，生成密码的MD5值
2019-09-20 17:32:02 - root[46] - INFO - user_auth:  用户：路飞.登录验证成功,返回True
2019-09-20 17:32:35 - root[37] - INFO - user_auth:  login功能函数在进行登录验证时，调用了get_md5函数，生成密码的MD5值
2019-09-20 17:32:35 - root[46] - INFO - user_auth:  用户：路飞.登录验证成功,返回True
2019-09-20 17:33:27 - root[37] - INFO - user_auth:  login功能函数在进行登录验证时，调用了get_md5函数，生成密码的MD5值
2019-09-20 17:33:27 - root[46] - INFO - user_auth:  用户：zz.登录验证成功,返回True
2019-09-20 17:33:32 - root[56] - INFO - user_auth:  register功能函数在进行注册时，调用了get_md5函数，生成密码的MD5值
2019-09-20 17:33:32 - root[60] - ERROR - user_auth:  用户：666.已存在,注册失败
2019-09-20 17:33:38 - root[56] - INFO - user_auth:  register功能函数在进行注册时，调用了get_md5函数，生成密码的MD5值
2019-09-20 17:33:42 - root[37] - INFO - user_auth:  login功能函数在进行登录验证时，调用了get_md5函数，生成密码的MD5值
2019-09-20 17:33:42 - root[46] - INFO - user_auth:  用户：777.登录验证成功,返回True
2019-09-20 17:33:58 - root[42] - INFO - ftp_server:  用户：777.上传了文件progress_bar.py
2019-09-20 17:34:02 - root[67] - INFO - ftp_server:  用户：777.调用了show_file函数,向客户端发送了可下载的文件
2019-09-20 17:34:11 - root[99] - INFO - ftp_server:  用户：777.下载了文件：client.py
2019-09-20 17:35:40 - root[37] - INFO - user_auth:  login功能函数在进行登录验证时，调用了get_md5函数，生成密码的MD5值
2019-09-20 17:35:40 - root[46] - INFO - user_auth:  用户：777.登录验证成功,返回True
2019-09-20 17:35:50 - root[56] - INFO - ftp_server:  用户：777.调用了断点续传,上传了文件：progress_bar.py
2019-09-20 17:35:53 - root[67] - INFO - ftp_server:  用户：777.调用了show_file函数,向客户端发送了可下载的文件
2019-09-20 17:35:59 - root[110] - INFO - ftp_server:  用户：777.下载文件：client.py.失败并调用了文件断点下载功能
2019-09-20 17:38:05 - root[37] - INFO - user_auth:  login功能函数在进行登录验证时，调用了get_md5函数，生成密码的MD5值
2019-09-20 17:38:05 - root[46] - INFO - user_auth:  用户：zz.登录验证成功,返回True
2019-09-20 17:39:49 - root[37] - INFO - user_auth:  login功能函数在进行登录验证时，调用了get_md5函数，生成密码的MD5值
2019-09-20 17:39:49 - root[46] - INFO - user_auth:  用户：zz.登录验证成功,返回True
2019-09-20 17:40:49 - root[37] - INFO - user_auth:  login功能函数在进行登录验证时，调用了get_md5函数，生成密码的MD5值
2019-09-20 17:40:49 - root[46] - INFO - user_auth:  用户：zz.登录验证成功,返回True
2019-09-20 17:40:56 - root[42] - INFO - ftp_server:  用户：zz.上传了文件10.作业.mp4
2019-09-20 17:42:06 - root[37] - INFO - user_auth:  login功能函数在进行登录验证时，调用了get_md5函数，生成密码的MD5值
2019-09-20 17:42:06 - root[46] - INFO - user_auth:  用户：zz.登录验证成功,返回True
2019-09-20 17:42:07 - root[67] - INFO - ftp_server:  用户：zz.调用了show_file函数,向客户端发送了可下载的文件
2019-09-20 17:42:13 - root[89] - INFO - ftp_server:  用户：zz.下载了文件：递归函数.mp4
2019-09-20 17:44:03 - root[37] - INFO - user_auth:  login功能函数在进行登录验证时，调用了get_md5函数，生成密码的MD5值
2019-09-20 17:44:03 - root[46] - INFO - user_auth:  用户：zz.登录验证成功,返回True
2019-09-20 17:44:03 - root[67] - INFO - ftp_server:  用户：zz.调用了show_file函数,向客户端发送了可下载的文件
2019-09-20 17:44:08 - root[89] - INFO - ftp_server:  用户：zz.下载了文件：递归函数.mp4
2019-09-20 17:47:11 - root[37] - INFO - user_auth:  login功能函数在进行登录验证时，调用了get_md5函数，生成密码的MD5值
2019-09-20 17:47:11 - root[46] - INFO - user_auth:  用户：zz.登录验证成功,返回True
2019-09-20 17:47:12 - root[67] - INFO - ftp_server:  用户：zz.调用了show_file函数,向客户端发送了可下载的文件
2019-09-20 17:47:16 - root[89] - INFO - ftp_server:  用户：zz.下载了文件：递归函数.mp4
2019-09-20 17:48:18 - root[37] - INFO - user_auth:  login功能函数在进行登录验证时，调用了get_md5函数，生成密码的MD5值
2019-09-20 17:48:18 - root[46] - INFO - user_auth:  用户：zz.登录验证成功,返回True
2019-09-20 17:48:19 - root[67] - INFO - ftp_server:  用户：zz.调用了show_file函数,向客户端发送了可下载的文件
2019-09-20 17:48:24 - root[89] - INFO - ftp_server:  用户：zz.下载了文件：递归函数.mp4
2019-09-20 17:49:49 - root[37] - INFO - user_auth:  login功能函数在进行登录验证时，调用了get_md5函数，生成密码的MD5值
2019-09-20 17:49:49 - root[46] - INFO - user_auth:  用户：zz.登录验证成功,返回True
2019-09-20 17:49:50 - root[67] - INFO - ftp_server:  用户：zz.调用了show_file函数,向客户端发送了可下载的文件
2019-09-20 17:49:54 - root[89] - INFO - ftp_server:  用户：zz.下载了文件：递归函数.mp4
2019-09-20 22:32:28 - root[37] - INFO - user_auth:  login功能函数在进行登录验证时，调用了get_md5函数，生成密码的MD5值
2019-09-20 22:32:28 - root[46] - INFO - user_auth:  用户：zz.登录验证成功,返回True
2019-09-20 22:32:29 - root[67] - INFO - ftp_server:  用户：zz.调用了show_file函数,向客户端发送了可下载的文件
2019-09-20 22:36:52 - root[37] - INFO - user_auth:  login功能函数在进行登录验证时，调用了get_md5函数，生成密码的MD5值
2019-09-20 22:36:52 - root[46] - INFO - user_auth:  用户：路飞.登录验证成功,返回True
2019-09-20 22:36:54 - root[67] - INFO - ftp_server:  用户：路飞.调用了show_file函数,向客户端发送了可下载的文件
2019-09-20 22:36:58 - root[89] - INFO - ftp_server:  用户：路飞.下载了文件：常用模块random.mp4
2019-09-20 22:37:52 - root[37] - INFO - user_auth:  login功能函数在进行登录验证时，调用了get_md5函数，生成密码的MD5值
2019-09-20 22:37:52 - root[46] - INFO - user_auth:  用户：路飞.登录验证成功,返回True
2019-09-20 22:38:25 - root[42] - INFO - ftp_server:  用户：路飞.上传了文件3.进程的启动.mp4
2019-09-20 22:46:21 - root[37] - INFO - user_auth:  login功能函数在进行登录验证时，调用了get_md5函数，生成密码的MD5值
2019-09-20 22:46:21 - root[46] - INFO - user_auth:  用户：zz.登录验证成功,返回True
2019-09-20 22:46:41 - root[37] - INFO - user_auth:  login功能函数在进行登录验证时，调用了get_md5函数，生成密码的MD5值
2019-09-20 22:46:41 - root[46] - INFO - user_auth:  用户：zz.登录验证成功,返回True
2019-09-20 22:46:41 - root[67] - INFO - ftp_server:  用户：zz.调用了show_file函数,向客户端发送了可下载的文件
2019-09-20 22:49:11 - root[37] - INFO - user_auth:  login功能函数在进行登录验证时，调用了get_md5函数，生成密码的MD5值
2019-09-20 22:49:11 - root[46] - INFO - user_auth:  用户：zz.登录验证成功,返回True
2019-09-20 22:49:12 - root[67] - INFO - ftp_server:  用户：zz.调用了show_file函数,向客户端发送了可下载的文件
2019-09-20 22:51:16 - root[37] - INFO - user_auth:  login功能函数在进行登录验证时，调用了get_md5函数，生成密码的MD5值
2019-09-20 22:51:16 - root[46] - INFO - user_auth:  用户：zz.登录验证成功,返回True
2019-09-20 22:51:17 - root[67] - INFO - ftp_server:  用户：zz.调用了show_file函数,向客户端发送了可下载的文件
2019-09-20 22:51:21 - root[89] - INFO - ftp_server:  用户：zz.下载了文件：client.py
2019-09-20 22:54:08 - root[37] - INFO - user_auth:  login功能函数在进行登录验证时，调用了get_md5函数，生成密码的MD5值
2019-09-20 22:54:08 - root[46] - INFO - user_auth:  用户：zz.登录验证成功,返回True
2019-09-20 22:54:08 - root[67] - INFO - ftp_server:  用户：zz.调用了show_file函数,向客户端发送了可下载的文件
2019-09-20 22:54:12 - root[89] - INFO - ftp_server:  用户：zz.下载了文件：client.py
2019-09-20 22:55:06 - root[37] - INFO - user_auth:  login功能函数在进行登录验证时，调用了get_md5函数，生成密码的MD5值
2019-09-20 22:55:06 - root[46] - INFO - user_auth:  用户：zz.登录验证成功,返回True
2019-09-20 22:55:06 - root[67] - INFO - ftp_server:  用户：zz.调用了show_file函数,向客户端发送了可下载的文件
2019-09-20 22:55:12 - root[100] - INFO - ftp_server:  用户：zz.下载文件：client.py.失败并调用了文件断点下载功能
2019-09-20 22:57:44 - root[37] - INFO - user_auth:  login功能函数在进行登录验证时，调用了get_md5函数，生成密码的MD5值
2019-09-20 22:57:44 - root[46] - INFO - user_auth:  用户：zz.登录验证成功,返回True
2019-09-20 22:57:44 - root[67] - INFO - ftp_server:  用户：zz.调用了show_file函数,向客户端发送了可下载的文件
2019-09-20 22:57:51 - root[100] - INFO - ftp_server:  用户：zz.下载文件：client.py.失败并调用了文件断点下载功能
2019-09-20 22:58:11 - root[37] - INFO - user_auth:  login功能函数在进行登录验证时，调用了get_md5函数，生成密码的MD5值
2019-09-20 22:58:11 - root[46] - INFO - user_auth:  用户：zz.登录验证成功,返回True
2019-09-20 22:58:13 - root[67] - INFO - ftp_server:  用户：zz.调用了show_file函数,向客户端发送了可下载的文件
2019-09-20 22:58:19 - root[100] - INFO - ftp_server:  用户：zz.下载文件：client.py.失败并调用了文件断点下载功能
2019-09-20 22:59:27 - root[37] - INFO - user_auth:  login功能函数在进行登录验证时，调用了get_md5函数，生成密码的MD5值
2019-09-20 22:59:27 - root[46] - INFO - user_auth:  用户：zz.登录验证成功,返回True
2019-09-20 22:59:28 - root[67] - INFO - ftp_server:  用户：zz.调用了show_file函数,向客户端发送了可下载的文件
2019-09-20 22:59:32 - root[89] - INFO - ftp_server:  用户：zz.下载了文件：client.py
2019-09-20 23:04:14 - root[37] - INFO - user_auth:  login功能函数在进行登录验证时，调用了get_md5函数，生成密码的MD5值
2019-09-20 23:04:14 - root[46] - INFO - user_auth:  用户：zz.登录验证成功,返回True
2019-09-20 23:04:14 - root[67] - INFO - ftp_server:  用户：zz.调用了show_file函数,向客户端发送了可下载的文件
2019-09-20 23:04:19 - root[101] - INFO - ftp_server:  用户：zz.下载文件：client.py.失败并调用了文件断点下载功能
2019-09-20 23:05:54 - root[37] - INFO - user_auth:  login功能函数在进行登录验证时，调用了get_md5函数，生成密码的MD5值
2019-09-20 23:05:54 - root[46] - INFO - user_auth:  用户：zz.登录验证成功,返回True
2019-09-20 23:05:54 - root[67] - INFO - ftp_server:  用户：zz.调用了show_file函数,向客户端发送了可下载的文件
2019-09-20 23:05:58 - root[90] - INFO - ftp_server:  用户：zz.下载了文件：client.py
2019-09-20 23:07:51 - root[37] - INFO - user_auth:  login功能函数在进行登录验证时，调用了get_md5函数，生成密码的MD5值
2019-09-20 23:07:51 - root[46] - INFO - user_auth:  用户：zz.登录验证成功,返回True
2019-09-20 23:07:52 - root[67] - INFO - ftp_server:  用户：zz.调用了show_file函数,向客户端发送了可下载的文件
2019-09-20 23:11:00 - root[37] - INFO - user_auth:  login功能函数在进行登录验证时，调用了get_md5函数，生成密码的MD5值
2019-09-20 23:11:00 - root[46] - INFO - user_auth:  用户：zz.登录验证成功,返回True
2019-09-20 23:11:00 - root[67] - INFO - ftp_server:  用户：zz.调用了show_file函数,向客户端发送了可下载的文件
2019-09-20 23:11:34 - root[37] - INFO - user_auth:  login功能函数在进行登录验证时，调用了get_md5函数，生成密码的MD5值
2019-09-20 23:11:34 - root[46] - INFO - user_auth:  用户：zz.登录验证成功,返回True
2019-09-20 23:11:34 - root[67] - INFO - ftp_server:  用户：zz.调用了show_file函数,向客户端发送了可下载的文件
2019-09-20 23:11:37 - root[90] - INFO - ftp_server:  用户：zz.下载了文件：client.py
2019-09-20 23:11:41 - root[67] - INFO - ftp_server:  用户：zz.调用了show_file函数,向客户端发送了可下载的文件
2019-09-20 23:12:39 - root[37] - INFO - user_auth:  login功能函数在进行登录验证时，调用了get_md5函数，生成密码的MD5值
2019-09-20 23:12:39 - root[46] - INFO - user_auth:  用户：zz.登录验证成功,返回True
2019-09-20 23:12:39 - root[67] - INFO - ftp_server:  用户：zz.调用了show_file函数,向客户端发送了可下载的文件
2019-09-20 23:12:44 - root[90] - INFO - ftp_server:  用户：zz.下载了文件：client.py
2019-09-20 23:13:16 - root[37] - INFO - user_auth:  login功能函数在进行登录验证时，调用了get_md5函数，生成密码的MD5值
2019-09-20 23:13:16 - root[46] - INFO - user_auth:  用户：zz.登录验证成功,返回True
2019-09-20 23:13:17 - root[67] - INFO - ftp_server:  用户：zz.调用了show_file函数,向客户端发送了可下载的文件
2019-09-20 23:13:20 - root[90] - INFO - ftp_server:  用户：zz.下载了文件：client.py
2019-09-20 23:13:23 - root[67] - INFO - ftp_server:  用户：zz.调用了show_file函数,向客户端发送了可下载的文件
2019-09-20 23:13:28 - root[90] - INFO - ftp_server:  用户：zz.下载了文件：常用模块random.mp4
2019-09-20 23:14:37 - root[37] - INFO - user_auth:  login功能函数在进行登录验证时，调用了get_md5函数，生成密码的MD5值
2019-09-20 23:14:37 - root[46] - INFO - user_auth:  用户：zz.登录验证成功,返回True
2019-09-20 23:14:38 - root[67] - INFO - ftp_server:  用户：zz.调用了show_file函数,向客户端发送了可下载的文件
2019-09-20 23:14:41 - root[90] - INFO - ftp_server:  用户：zz.下载了文件：client.py
2019-09-20 23:14:44 - root[67] - INFO - ftp_server:  用户：zz.调用了show_file函数,向客户端发送了可下载的文件
2019-09-20 23:14:52 - root[90] - INFO - ftp_server:  用户：zz.下载了文件：进程的启动.mp4
2019-09-20 23:15:56 - root[37] - INFO - user_auth:  login功能函数在进行登录验证时，调用了get_md5函数，生成密码的MD5值
2019-09-20 23:15:56 - root[46] - INFO - user_auth:  用户：zz.登录验证成功,返回True
2019-09-20 23:23:30 - root[37] - INFO - user_auth:  login功能函数在进行登录验证时，调用了get_md5函数，生成密码的MD5值
2019-09-20 23:23:30 - root[46] - INFO - user_auth:  用户：zz.登录验证成功,返回True
2019-09-20 23:23:51 - root[42] - INFO - ftp_server:  用户：zz.上传了文件4.线程.mp4
2019-09-20 23:23:54 - root[67] - INFO - ftp_server:  用户：zz.调用了show_file函数,向客户端发送了可下载的文件
2019-09-20 23:24:05 - root[90] - INFO - ftp_server:  用户：zz.下载了文件：进程的启动.mp4
2019-09-20 23:25:06 - root[37] - INFO - user_auth:  login功能函数在进行登录验证时，调用了get_md5函数，生成密码的MD5值
2019-09-20 23:25:06 - root[46] - INFO - user_auth:  用户：路飞.登录验证成功,返回True
2019-09-20 23:25:10 - root[67] - INFO - ftp_server:  用户：路飞.调用了show_file函数,向客户端发送了可下载的文件
2019-09-20 23:25:13 - root[90] - INFO - ftp_server:  用户：路飞.下载了文件：collections模块.py
2019-09-20 23:25:35 - root[37] - INFO - user_auth:  login功能函数在进行登录验证时，调用了get_md5函数，生成密码的MD5值
2019-09-20 23:25:35 - root[46] - INFO - user_auth:  用户：路飞.登录验证成功,返回True
2019-09-20 23:25:37 - root[67] - INFO - ftp_server:  用户：路飞.调用了show_file函数,向客户端发送了可下载的文件
2019-09-20 23:25:46 - root[101] - INFO - ftp_server:  用户：路飞.下载文件：collections模块.py.失败并调用了文件断点下载功能
2019-09-21 00:27:38 - root[42] - INFO - user_auth:  login功能函数在进行登录验证时，调用了get_md5函数，生成密码的MD5值
2019-09-21 00:27:38 - root[54] - INFO - user_auth:  用户：zz.登录验证成功,返回True
2019-09-21 00:28:08 - root[42] - INFO - user_auth:  login功能函数在进行登录验证时，调用了get_md5函数，生成密码的MD5值
2019-09-21 00:28:08 - root[54] - INFO - user_auth:  用户：zz.登录验证成功,返回True
2019-09-21 00:28:14 - root[50] - INFO - ftp_server:  用户：zz.上传了文件4.线程.mp4
2019-09-21 00:28:18 - root[89] - INFO - ftp_server:  用户：zz.调用了show_file函数,向客户端发送了可下载的文件
2019-09-21 00:28:26 - root[121] - INFO - ftp_server:  用户：zz.下载了文件：进程的启动.mp4
2019-09-21 00:28:40 - root[64] - INFO - user_auth:  register功能函数在进行注册时，调用了get_md5函数，生成密码的MD5值
2019-09-21 00:28:40 - root[87] - INFO - user_auth:  用户：666.注册成功,密码为：666
2019-09-21 00:28:44 - root[42] - INFO - user_auth:  login功能函数在进行登录验证时，调用了get_md5函数，生成密码的MD5值
2019-09-21 00:28:44 - root[54] - INFO - user_auth:  用户：666.登录验证成功,返回True
2019-09-21 00:29:00 - root[42] - INFO - user_auth:  login功能函数在进行登录验证时，调用了get_md5函数，生成密码的MD5值
2019-09-21 00:29:00 - root[54] - INFO - user_auth:  用户：zz.登录验证成功,返回True
2019-09-21 00:29:05 - root[42] - INFO - user_auth:  login功能函数在进行登录验证时，调用了get_md5函数，生成密码的MD5值
2019-09-21 00:29:05 - root[54] - INFO - user_auth:  用户：666.登录验证成功,返回True
2019-09-21 00:29:38 - root[42] - INFO - user_auth:  login功能函数在进行登录验证时，调用了get_md5函数，生成密码的MD5值
2019-09-21 00:29:38 - root[54] - INFO - user_auth:  用户：666.登录验证成功,返回True
2019-09-21 00:29:43 - root[50] - INFO - ftp_server:  用户：666.上传了文件4.线程.mp4
2019-09-21 00:29:46 - root[89] - INFO - ftp_server:  用户：666.调用了show_file函数,向客户端发送了可下载的文件
2019-09-21 00:29:52 - root[121] - INFO - ftp_server:  用户：666.下载了文件：常用模块random.mp42019-09-21 07:46:21 - root[64] - INFO - user_auth:  register功能函数在进行注册时，调用了get_md5函数，生成密码的MD5值
2019-09-21 07:49:18 - root[64] - INFO - user_auth:  register功能函数在进行注册时，调用了get_md5函数，生成密码的MD5值
2019-09-21 07:49:18 - root[87] - INFO - user_auth:  用户：666.注册成功,密码为：666
2019-09-21 07:49:22 - root[42] - INFO - user_auth:  login功能函数在进行登录验证时，调用了get_md5函数，生成密码的MD5值
2019-09-21 07:50:12 - root[42] - INFO - user_auth:  login功能函数在进行登录验证时，调用了get_md5函数，生成密码的MD5值
2019-09-21 07:50:12 - root[58] - INFO - user_auth:  用户：zz.登录验证失败,返回False
2019-09-21 07:50:20 - root[64] - INFO - user_auth:  register功能函数在进行注册时，调用了get_md5函数，生成密码的MD5值
2019-09-21 07:50:20 - root[87] - INFO - user_auth:  用户：666.注册成功,密码为：666
2019-09-21 07:50:25 - root[42] - INFO - user_auth:  login功能函数在进行登录验证时，调用了get_md5函数，生成密码的MD5值
2019-09-21 07:50:25 - root[54] - INFO - user_auth:  用户：666.登录验证成功,返回True
2019-09-21 07:50:53 - root[42] - INFO - user_auth:  login功能函数在进行登录验证时，调用了get_md5函数，生成密码的MD5值
2019-09-21 07:50:53 - root[54] - INFO - user_auth:  用户：666.登录验证成功,返回True
2019-09-21 07:50:57 - root[50] - INFO - ftp_server:  用户：666.上传了文件collections模块.py
2019-09-21 07:50:59 - root[89] - INFO - ftp_server:  用户：666.调用了show_file函数,向客户端发送了可下载的文件
2019-09-21 07:51:05 - root[121] - INFO - ftp_server:  用户：666.下载了文件：client.py
2019-09-21 07:51:50 - root[42] - INFO - user_auth:  login功能函数在进行登录验证时，调用了get_md5函数，生成密码的MD5值
2019-09-21 07:51:50 - root[54] - INFO - user_auth:  用户：666.登录验证成功,返回True
2019-09-21 07:51:57 - root[73] - INFO - ftp_server:  用户：666.调用了断点续传,上传了文件：collections模块.py
2019-09-21 07:52:01 - root[89] - INFO - ftp_server:  用户：666.调用了show_file函数,向客户端发送了可下载的文件
2019-09-21 07:52:07 - root[139] - INFO - ftp_server:  用户：666.下载文件：client.py.失败并调用了文件断点下载功能
2019-09-21 07:53:21 - root[42] - INFO - user_auth:  login功能函数在进行登录验证时，调用了get_md5函数，生成密码的MD5值
2019-09-21 07:53:21 - root[54] - INFO - user_auth:  用户：666.登录验证成功,返回True
2019-09-21 07:53:28 - root[73] - INFO - ftp_server:  用户：666.调用了断点续传,上传了文件：collections模块.py
2019-09-21 08:11:14 - root[42] - INFO - user_auth:  login功能函数在进行登录验证时，调用了get_md5函数，生成密码的MD5值
2019-09-21 08:11:14 - root[54] - INFO - user_auth:  用户：zz.登录验证成功,返回True
2019-09-21 08:11:37 - root[52] - INFO - ftp_server:  用户：zz.上传了文件7.线程.py
2019-09-21 08:11:40 - root[92] - INFO - ftp_server:  用户：zz.调用了show_file函数,向客户端发送了可下载的文件
2019-09-21 08:11:46 - root[124] - INFO - ftp_server:  用户：zz.下载了文件：7.线程.py
2019-09-21 08:11:49 - root[92] - INFO - ftp_server:  用户：zz.调用了show_file函数,向客户端发送了可下载的文件
2019-09-21 08:11:59 - root[124] - INFO - ftp_server:  用户：zz.下载了文件：3.进程的启动.mp4
2019-09-21 08:12:45 - root[52] - INFO - ftp_server:  用户：zz.上传了文件4.线程.mp4
2019-09-21 14:42:11 - root[64] - INFO - user_auth:  register功能函数在进行注册时，调用了get_md5函数，生成密码的MD5值
2019-09-21 14:42:12 - root[87] - INFO - user_auth:  用户：mhy.注册成功,密码为：123
2019-09-21 14:42:16 - root[42] - INFO - user_auth:  login功能函数在进行登录验证时，调用了get_md5函数，生成密码的MD5值
2019-09-21 14:42:16 - root[54] - INFO - user_auth:  用户：mhy.登录验证成功,返回True
2019-09-21 14:43:14 - root[52] - INFO - ftp_server:  用户：mhy.上传了文件3.进程的启动.mp4
2019-09-21 14:43:24 - root[92] - INFO - ftp_server:  用户：mhy.调用了show_file函数,向客户端发送了可下载的文件
2019-09-21 14:43:45 - root[42] - INFO - user_auth:  login功能函数在进行登录验证时，调用了get_md5函数，生成密码的MD5值
2019-09-21 14:43:45 - root[54] - INFO - user_auth:  用户：mhy.登录验证成功,返回True
2019-09-21 14:43:46 - root[92] - INFO - ftp_server:  用户：mhy.调用了show_file函数,向客户端发送了可下载的文件
2019-09-21 14:44:14 - root[124] - INFO - ftp_server:  用户：mhy.下载了文件：3.进程的启动.mp4
2019-09-21 14:44:31 - root[42] - INFO - user_auth:  login功能函数在进行登录验证时，调用了get_md5函数，生成密码的MD5值
2019-09-21 14:44:31 - root[54] - INFO - user_auth:  用户：mhy.登录验证成功,返回True
2019-09-21 19:24:25 - root[42] - INFO - user_auth:  login功能函数在进行登录验证时，调用了get_md5函数，生成密码的MD5值
2019-09-21 19:24:25 - root[54] - INFO - user_auth:  用户：zz.登录验证成功,返回True
2019-09-21 19:25:22 - root[42] - INFO - user_auth:  login功能函数在进行登录验证时，调用了get_md5函数，生成密码的MD5值
2019-09-21 19:25:22 - root[54] - INFO - user_auth:  用户：zz.登录验证成功,返回True
2019-09-21 19:25:52 - root[52] - INFO - ftp_server:  用户：zz.上传了文件7.sys模块.mp4
2019-09-21 19:25:55 - root[92] - INFO - ftp_server:  用户：zz.调用了show_file函数,向客户端发送了可下载的文件
2019-09-21 19:26:06 - root[124] - INFO - ftp_server:  用户：zz.下载了文件：3.进程的启动.mp4
2019-09-21 19:26:39 - root[64] - INFO - user_auth:  register功能函数在进行注册时，调用了get_md5函数，生成密码的MD5值
2019-09-21 19:26:39 - root[87] - INFO - user_auth:  用户：666.注册成功,密码为：666
2019-09-21 19:26:43 - root[42] - INFO - user_auth:  login功能函数在进行登录验证时，调用了get_md5函数，生成密码的MD5值
2019-09-21 19:26:43 - root[54] - INFO - user_auth:  用户：666.登录验证成功,返回True
2019-09-21 19:26:59 - root[52] - INFO - ftp_server:  用户：666.上传了文件7.sys模块.mp4
2019-09-21 19:27:03 - root[92] - INFO - ftp_server:  用户：666.调用了show_file函数,向客户端发送了可下载的文件
2019-09-21 19:27:12 - root[124] - INFO - ftp_server:  用户：666.下载了文件：4.线程.mp4
2019-09-28 16:38:00 - root[42] - INFO - user_auth:  login功能函数在进行登录验证时，调用了get_md5函数，生成密码的MD5值
2019-09-28 16:38:00 - root[54] - INFO - user_auth:  用户：zz.登录验证成功,返回True
2019-09-28 16:38:19 - root[42] - INFO - user_auth:  login功能函数在进行登录验证时，调用了get_md5函数，生成密码的MD5值
2019-09-28 16:38:19 - root[54] - INFO - user_auth:  用户：zz.登录验证成功,返回True
2019-09-28 16:38:21 - root[92] - INFO - ftp_server:  用户：zz.调用了show_file函数,向客户端发送了可下载的文件
2019-09-28 16:38:27 - root[124] - INFO - ftp_server:  用户：zz.下载了文件：6.介绍进程.py
