User.login.log 用户：胡歌 在2019-08-01 01:00:18的时候 执行了article_page函数
User.login.log 用户：胡歌 在2019-08-01 01:00:18的时候 执行了diary_page函数
User.registration.log 2019-08-01 01:00:18的时候有新用户注册,用户名为：路飞 密码为: lufei
User.login.log 用户：路飞 在2019-08-01 01:00:18的时候 执行了diary_page函数
User.login.log 用户：路飞 在2019-08-01 01:00:18的时候 执行了comment_page函数
User.login.log 用户：zhaozhen 在2019-08-01 01:00:18的时候 执行了article_page函数
User.login.log 用户：胡歌 在2019-08-01 09:00:05的时候 执行了article_page函数
User.login.log 用户：zhaozhen 在2019-08-01 01:00:18的时候 执行了diary_page函数
User.login.log 用户：胡歌 在2019-08-01 09:00:05的时候 执行了diary_page函数
User.login.log 用户：胡歌 在2019-08-01 09:00:05的时候 执行了collect_page函数
User.login.log 用户：胡歌 在2019-08-01 09:00:05的时候 执行了comment_page函数
User.login.log 用户：路飞 在2019-08-01 09:02:56的时候 执行了article_page函数
User.login.log 用户：胡歌 在2019-08-01 09:38:21的时候 执行了article_page函数
User.login.log 用户：胡歌 在2019-08-01 09:38:21的时候 执行了diary_page函数
User.login.log 用户：胡歌 在2019-08-01 09:40:44的时候 执行了article_page函数
User.login.log 用户：路飞 在2019-08-01 09:02:56的时候 执行了diary_page函数
User.login.log 用户：胡歌 在2019-08-01 09:40:44的时候 执行了diary_page函数
User.registration.log 2019-08-01 15:36:06的时候有新用户注册,用户名为：Anesthesia 密码为: 1441
User.login.log 用户：Anesthesia 在2019-08-01 15:36:06的时候 执行了article_page函数
User.login.log 用户：Anesthesia 在2019-08-01 15:36:06的时候 执行了comment_page函数
User.login.log 用户：Anesthesia 在2019-08-01 15:36:06的时候 执行了collect_page函数
User.login.log 用户：胡歌 在2019-08-01 17:05:00的时候 执行了article_page函数
User.login.log 用户：胡歌 在2019-08-01 17:05:00的时候 执行了diary_page函数
User.login.log 用户：胡歌 在2019-08-01 17:05:00的时候 执行了comment_page函数
User.login.log 用户：胡歌 在2019-08-01 17:05:00的时候 执行了collect_page函数
User.login.log 用户：路飞 在2019-08-02 15:15:12的时候 执行了article_page函数
User.login.log 用户：路飞 在2019-08-02 15:15:12的时候 执行了comment_page函数
User.login.log 用户：胡歌 在2019-08-03 15:16:29的时候 执行了article_page函数
User.login.log 用户：胡歌 在2019-08-03 15:16:29的时候 执行了diary_page函数
User.login.log 用户：胡歌 在2019-08-03 18:30:38的时候 执行了article_page函数
User.login.log 用户：胡歌 在2019-08-03 18:30:38的时候 执行了diary_page函数
User.login.log 用户：胡歌 在2019-08-03 22:40:02的时候 执行了article_page函数
User.login.log 用户：胡歌 在2019-08-03 22:40:42的时候 执行了article_page函数
User.registration.log 2019-08-03 22:40:42的时候有新用户注册,用户名为：3 密码为: 23
User.registration.log 2019-08-03 22:40:42的时候有新用户注册,用户名为：2 密码为: 3
User.login.log 用户：胡歌 在2019-08-03 22:41:28的时候 执行了article_page函数
User.login.log 用户：胡歌 在2019-08-03 22:41:28的时候 执行了diary_page函数
User.login.log 用户：胡歌 在2019-08-03 22:43:15的时候 执行了article_page函数
User.login.log 用户：胡歌 在2019-08-07 15:01:21的时候 执行了article_page函数
User.login.log 用户：胡歌 在2019-08-07 15:01:21的时候 执行了diary_page函数
User.login.log 用户：胡歌 在2019-08-07 15:01:21的时候 执行了comment_page函数
User.login.log 用户：胡歌 在2019-08-07 15:01:21的时候 执行了collect_page函数
